<?xml version="1.0" encoding="UTF-8"?>
<coverage generated="1764891062573" clover="3.2.0">
  <project timestamp="1764891062573" name="All files">
    <metrics statements="158" coveredstatements="103" conditionals="22" coveredconditionals="14" methods="28" coveredmethods="16" elements="208" coveredelements="133" complexity="0" loc="158" ncloc="158" packages="3" files="7" classes="7"/>
    <package name="src">
      <metrics statements="51" coveredstatements="45" conditionals="5" coveredconditionals="3" methods="9" coveredmethods="6"/>
      <file name="errors.ts" path="/Users/babu_krishnan/test/src/errors.ts">
        <metrics statements="23" coveredstatements="17" conditionals="0" coveredconditionals="0" methods="6" coveredmethods="3"/>
        <line num="1" count="9" type="stmt"/>
        <line num="3" count="27" type="stmt"/>
        <line num="4" count="27" type="stmt"/>
        <line num="5" count="27" type="stmt"/>
        <line num="6" count="27" type="stmt"/>
        <line num="8" count="27" type="stmt"/>
        <line num="9" count="27" type="stmt"/>
        <line num="10" count="27" type="stmt"/>
        <line num="14" count="9" type="stmt"/>
        <line num="16" count="7" type="stmt"/>
        <line num="17" count="7" type="stmt"/>
        <line num="21" count="9" type="stmt"/>
        <line num="23" count="19" type="stmt"/>
        <line num="24" count="19" type="stmt"/>
        <line num="28" count="9" type="stmt"/>
        <line num="30" count="0" type="stmt"/>
        <line num="31" count="0" type="stmt"/>
        <line num="35" count="9" type="stmt"/>
        <line num="37" count="0" type="stmt"/>
        <line num="38" count="0" type="stmt"/>
        <line num="42" count="9" type="stmt"/>
        <line num="44" count="0" type="stmt"/>
        <line num="45" count="0" type="stmt"/>
      </file>
      <file name="handler.ts" path="/Users/babu_krishnan/test/src/handler.ts">
        <metrics statements="22" coveredstatements="22" conditionals="1" coveredconditionals="1" methods="2" coveredmethods="2"/>
        <line num="2" count="2" type="stmt"/>
        <line num="3" count="2" type="stmt"/>
        <line num="4" count="2" type="stmt"/>
        <line num="5" count="2" type="stmt"/>
        <line num="6" count="2" type="stmt"/>
        <line num="7" count="2" type="stmt"/>
        <line num="11" count="15" type="stmt"/>
        <line num="14" count="15" type="cond" truecount="1" falsecount="0"/>
        <line num="15" count="12" type="stmt"/>
        <line num="20" count="12" type="stmt"/>
        <line num="21" count="10" type="stmt"/>
        <line num="25" count="13" type="stmt"/>
        <line num="26" count="13" type="stmt"/>
        <line num="34" count="4" type="stmt"/>
        <line num="38" count="9" type="stmt"/>
        <line num="43" count="13" type="stmt"/>
        <line num="44" count="13" type="stmt"/>
        <line num="47" count="3" type="stmt"/>
        <line num="51" count="10" type="stmt"/>
        <line num="55" count="13" type="stmt"/>
        <line num="61" count="2" type="stmt"/>
        <line num="65" count="15" type="stmt"/>
      </file>
      <file name="logger.ts" path="/Users/babu_krishnan/test/src/logger.ts">
        <metrics statements="6" coveredstatements="6" conditionals="4" coveredconditionals="2" methods="1" coveredmethods="1"/>
        <line num="1" count="5" type="stmt"/>
        <line num="3" count="5" type="cond" truecount="1" falsecount="1"/>
        <line num="5" count="5" type="stmt"/>
        <line num="18" count="76" type="cond" truecount="1" falsecount="1"/>
        <line num="19" count="76" type="stmt"/>
        <line num="26" count="5" type="stmt"/>
      </file>
    </package>
    <package name="src.database">
      <metrics statements="73" coveredstatements="25" conditionals="7" coveredconditionals="3" methods="12" coveredmethods="4"/>
      <file name="dynamodb.ts" path="/Users/babu_krishnan/test/src/database/dynamodb.ts">
        <metrics statements="41" coveredstatements="10" conditionals="2" coveredconditionals="1" methods="6" coveredmethods="1"/>
        <line num="1" count="3" type="stmt"/>
        <line num="2" count="3" type="stmt"/>
        <line num="3" count="3" type="stmt"/>
        <line num="5" count="3" type="stmt"/>
        <line num="11" count="0" type="stmt"/>
        <line num="12" count="0" type="stmt"/>
        <line num="13" count="0" type="stmt"/>
        <line num="14" count="0" type="stmt"/>
        <line num="16" count="0" type="stmt"/>
        <line num="17" count="0" type="stmt"/>
        <line num="22" count="0" type="stmt"/>
        <line num="23" count="0" type="stmt"/>
        <line num="24" count="0" type="stmt"/>
        <line num="25" count="0" type="stmt"/>
        <line num="27" count="0" type="stmt"/>
        <line num="28" count="0" type="stmt"/>
        <line num="33" count="0" type="stmt"/>
        <line num="34" count="0" type="stmt"/>
        <line num="35" count="0" type="stmt"/>
        <line num="36" count="0" type="stmt"/>
        <line num="38" count="0" type="stmt"/>
        <line num="39" count="0" type="stmt"/>
        <line num="44" count="0" type="stmt"/>
        <line num="45" count="0" type="stmt"/>
        <line num="46" count="0" type="stmt"/>
        <line num="47" count="0" type="stmt"/>
        <line num="49" count="0" type="stmt"/>
        <line num="50" count="0" type="stmt"/>
        <line num="55" count="9" type="stmt"/>
        <line num="56" count="9" type="stmt"/>
        <line num="57" count="9" type="stmt"/>
        <line num="58" count="0" type="stmt"/>
        <line num="60" count="9" type="stmt"/>
        <line num="61" count="9" type="stmt"/>
        <line num="66" count="0" type="stmt"/>
        <line num="67" count="0" type="stmt"/>
        <line num="68" count="0" type="stmt"/>
        <line num="69" count="0" type="stmt"/>
        <line num="71" count="0" type="stmt"/>
        <line num="72" count="0" type="stmt"/>
        <line num="77" count="3" type="stmt"/>
      </file>
      <file name="postgres.ts" path="/Users/babu_krishnan/test/src/database/postgres.ts">
        <metrics statements="32" coveredstatements="15" conditionals="5" coveredconditionals="2" methods="6" coveredmethods="3"/>
        <line num="1" count="3" type="stmt"/>
        <line num="2" count="3" type="stmt"/>
        <line num="3" count="3" type="stmt"/>
        <line num="6" count="3" type="stmt"/>
        <line num="9" count="3" type="stmt"/>
        <line num="13" count="3" type="stmt"/>
        <line num="14" count="3" type="stmt"/>
        <line num="25" count="3" type="stmt"/>
        <line num="26" count="0" type="stmt"/>
        <line num="29" count="3" type="stmt"/>
        <line num="31" count="0" type="stmt"/>
        <line num="32" count="0" type="stmt"/>
        <line num="37" count="0" type="cond" truecount="0" falsecount="1"/>
        <line num="38" count="0" type="stmt"/>
        <line num="41" count="0" type="stmt"/>
        <line num="42" count="0" type="stmt"/>
        <line num="44" count="0" type="stmt"/>
        <line num="45" count="0" type="stmt"/>
        <line num="50" count="9" type="cond" truecount="0" falsecount="1"/>
        <line num="51" count="0" type="stmt"/>
        <line num="54" count="9" type="stmt"/>
        <line num="55" count="9" type="stmt"/>
        <line num="56" count="0" type="stmt"/>
        <line num="57" count="0" type="stmt"/>
        <line num="59" count="9" type="stmt"/>
        <line num="60" count="9" type="stmt"/>
        <line num="65" count="0" type="cond" truecount="0" falsecount="1"/>
        <line num="66" count="0" type="stmt"/>
        <line num="67" count="0" type="stmt"/>
        <line num="68" count="0" type="stmt"/>
        <line num="70" count="0" type="stmt"/>
        <line num="76" count="3" type="stmt"/>
      </file>
    </package>
    <package name="src.utils">
      <metrics statements="34" coveredstatements="33" conditionals="10" coveredconditionals="8" methods="7" coveredmethods="6"/>
      <file name="response.ts" path="/Users/babu_krishnan/test/src/utils/response.ts">
        <metrics statements="23" coveredstatements="23" conditionals="9" coveredconditionals="7" methods="3" coveredmethods="3"/>
        <line num="2" count="3" type="stmt"/>
        <line num="3" count="3" type="stmt"/>
        <line num="18" count="3" type="stmt"/>
        <line num="20" count="16" type="stmt"/>
        <line num="35" count="5" type="stmt"/>
        <line num="36" count="5" type="stmt"/>
        <line num="37" count="5" type="stmt"/>
        <line num="40" count="5" type="cond" truecount="2" falsecount="0"/>
        <line num="41" count="2" type="stmt"/>
        <line num="42" count="2" type="stmt"/>
        <line num="43" count="2" type="stmt"/>
        <line num="44" count="2" type="stmt"/>
        <line num="46" count="3" type="cond" truecount="1" falsecount="1"/>
        <line num="49" count="5" type="stmt"/>
        <line num="57" count="5" type="stmt"/>
        <line num="77" count="3" type="stmt"/>
        <line num="82" count="15" type="stmt"/>
        <line num="88" count="15" type="stmt"/>
        <line num="89" count="15" type="stmt"/>
        <line num="95" count="15" type="stmt"/>
        <line num="101" count="13" type="stmt"/>
        <line num="106" count="13" type="stmt"/>
        <line num="108" count="2" type="stmt"/>
      </file>
      <file name="validator.ts" path="/Users/babu_krishnan/test/src/utils/validator.ts">
        <metrics statements="11" coveredstatements="10" conditionals="1" coveredconditionals="1" methods="4" coveredmethods="3"/>
        <line num="2" count="3" type="stmt"/>
        <line num="8" count="3" type="stmt"/>
        <line num="10" count="18" type="stmt"/>
        <line num="15" count="18" type="cond" truecount="1" falsecount="0"/>
        <line num="16" count="5" type="stmt"/>
        <line num="18" count="5" type="stmt"/>
        <line num="19" count="5" type="stmt"/>
        <line num="24" count="5" type="stmt"/>
        <line num="27" count="13" type="stmt"/>
        <line num="31" count="1" type="stmt"/>
        <line num="35" count="0" type="stmt"/>
      </file>
    </package>
  </project>
</coverage>
