{"/Users/babu_krishnan/test/src/errors.ts": {"path":"/Users/babu_krishnan/test/src/errors.ts","statementMap":{"0":{"start":{"line":8,"column":4},"end":{"line":8,"column":19}},"1":{"start":{"line":3,"column":11},"end":{"line":3,"column":29}},"2":{"start":{"line":4,"column":11},"end":{"line":4,"column":26}},"3":{"start":{"line":5,"column":11},"end":{"line":5,"column":28}},"4":{"start":{"line":6,"column":11},"end":{"line":6,"column":44}},"5":{"start":{"line":9,"column":4},"end":{"line":9,"column":30}},"6":{"start":{"line":10,"column":4},"end":{"line":10,"column":55}},"7":{"start":{"line":1,"column":0},"end":{"line":1,"column":13}},"8":{"start":{"line":16,"column":4},"end":{"line":16,"column":53}},"9":{"start":{"line":17,"column":4},"end":{"line":17,"column":34}},"10":{"start":{"line":14,"column":0},"end":{"line":14,"column":13}},"11":{"start":{"line":23,"column":4},"end":{"line":23,"column":51}},"12":{"start":{"line":24,"column":4},"end":{"line":24,"column":32}},"13":{"start":{"line":21,"column":0},"end":{"line":21,"column":13}},"14":{"start":{"line":30,"column":4},"end":{"line":30,"column":46}},"15":{"start":{"line":31,"column":4},"end":{"line":31,"column":32}},"16":{"start":{"line":28,"column":0},"end":{"line":28,"column":13}},"17":{"start":{"line":37,"column":4},"end":{"line":37,"column":49}},"18":{"start":{"line":38,"column":4},"end":{"line":38,"column":36}},"19":{"start":{"line":35,"column":0},"end":{"line":35,"column":13}},"20":{"start":{"line":44,"column":4},"end":{"line":44,"column":58}},"21":{"start":{"line":45,"column":4},"end":{"line":45,"column":38}},"22":{"start":{"line":42,"column":0},"end":{"line":42,"column":13}}},"fnMap":{"0":{"name":"(anonymous_0)","decl":{"start":{"line":2,"column":2},"end":{"line":2,"column":null}},"loc":{"start":{"line":6,"column":44},"end":{"line":11,"column":3}}},"1":{"name":"(anonymous_1)","decl":{"start":{"line":15,"column":2},"end":{"line":15,"column":14}},"loc":{"start":{"line":15,"column":64},"end":{"line":18,"column":3}}},"2":{"name":"(anonymous_2)","decl":{"start":{"line":22,"column":2},"end":{"line":22,"column":14}},"loc":{"start":{"line":22,"column":64},"end":{"line":25,"column":3}}},"3":{"name":"(anonymous_3)","decl":{"start":{"line":29,"column":2},"end":{"line":29,"column":14}},"loc":{"start":{"line":29,"column":64},"end":{"line":32,"column":3}}},"4":{"name":"(anonymous_4)","decl":{"start":{"line":36,"column":2},"end":{"line":36,"column":14}},"loc":{"start":{"line":36,"column":64},"end":{"line":39,"column":3}}},"5":{"name":"(anonymous_5)","decl":{"start":{"line":43,"column":2},"end":{"line":43,"column":14}},"loc":{"start":{"line":43,"column":64},"end":{"line":46,"column":3}}}},"branchMap":{},"s":{"0":27,"1":27,"2":27,"3":27,"4":27,"5":27,"6":27,"7":9,"8":7,"9":7,"10":9,"11":19,"12":19,"13":9,"14":0,"15":0,"16":9,"17":0,"18":0,"19":9,"20":0,"21":0,"22":9},"f":{"0":27,"1":7,"2":19,"3":0,"4":0,"5":0},"b":{}}
,"/Users/babu_krishnan/test/src/handler.ts": {"path":"/Users/babu_krishnan/test/src/handler.ts","statementMap":{"0":{"start":{"line":2,"column":0},"end":{"line":2,"column":29}},"1":{"start":{"line":3,"column":0},"end":{"line":3,"column":84}},"2":{"start":{"line":4,"column":0},"end":{"line":4,"column":45}},"3":{"start":{"line":5,"column":0},"end":{"line":5,"column":22}},"4":{"start":{"line":6,"column":0},"end":{"line":6,"column":52}},"5":{"start":{"line":7,"column":0},"end":{"line":7,"column":52}},"6":{"start":{"line":11,"column":36},"end":{"line":11,"column":39}},"7":{"start":{"line":14,"column":2},"end":{"line":22,"column":3}},"8":{"start":{"line":15,"column":23},"end":{"line":18,"column":6}},"9":{"start":{"line":20,"column":26},"end":{"line":20,"column":84}},"10":{"start":{"line":21,"column":4},"end":{"line":21,"column":61}},"11":{"start":{"line":25,"column":2},"end":{"line":40,"column":3}},"12":{"start":{"line":26,"column":25},"end":{"line":32,"column":6}},"13":{"start":{"line":34,"column":4},"end":{"line":36,"column":7}},"14":{"start":{"line":38,"column":4},"end":{"line":38,"column":67}},"15":{"start":{"line":43,"column":2},"end":{"line":53,"column":3}},"16":{"start":{"line":44,"column":21},"end":{"line":45,"column":null}},"17":{"start":{"line":47,"column":4},"end":{"line":49,"column":7}},"18":{"start":{"line":51,"column":4},"end":{"line":51,"column":69}},"19":{"start":{"line":55,"column":2},"end":{"line":58,"column":5}},"20":{"start":{"line":61,"column":23},"end":{"line":66,"column":1}},"21":{"start":{"line":65,"column":2},"end":{"line":65,"column":58}},"22":{"start":{"line":61,"column":13},"end":{"line":61,"column":23}}},"fnMap":{"0":{"name":"handleRequest","decl":{"start":{"line":10,"column":15},"end":{"line":10,"column":28}},"loc":{"start":{"line":10,"column":47},"end":{"line":59,"column":1}}},"1":{"name":"(anonymous_2)","decl":{"start":{"line":61,"column":23},"end":{"line":61,"column":28}},"loc":{"start":{"line":64,"column":36},"end":{"line":66,"column":1}}}},"branchMap":{"0":{"loc":{"start":{"line":14,"column":2},"end":{"line":22,"column":3}},"type":"if","locations":[{"start":{"line":14,"column":2},"end":{"line":22,"column":3}}]}},"s":{"0":2,"1":2,"2":2,"3":2,"4":2,"5":2,"6":15,"7":15,"8":12,"9":12,"10":10,"11":13,"12":13,"13":4,"14":9,"15":13,"16":13,"17":3,"18":10,"19":13,"20":2,"21":15,"22":2},"f":{"0":15,"1":15},"b":{"0":[12]}}
,"/Users/babu_krishnan/test/src/logger.ts": {"path":"/Users/babu_krishnan/test/src/logger.ts","statementMap":{"0":{"start":{"line":1,"column":0},"end":{"line":1,"column":30}},"1":{"start":{"line":3,"column":17},"end":{"line":3,"column":48}},"2":{"start":{"line":5,"column":15},"end":{"line":24,"column":2}},"3":{"start":{"line":18,"column":26},"end":{"line":18,"column":78}},"4":{"start":{"line":19,"column":10},"end":{"line":19,"column":66}},"5":{"start":{"line":26,"column":0},"end":{"line":26,"column":22}}},"fnMap":{"0":{"name":"(anonymous_1)","decl":{"start":{"line":17,"column":30},"end":{"line":17,"column":31}},"loc":{"start":{"line":17,"column":73},"end":{"line":20,"column":9}}}},"branchMap":{"0":{"loc":{"start":{"line":3,"column":17},"end":{"line":3,"column":48}},"type":"binary-expr","locations":[{"start":{"line":3,"column":17},"end":{"line":3,"column":38}},{"start":{"line":3,"column":42},"end":{"line":3,"column":48}}]},"1":{"loc":{"start":{"line":18,"column":26},"end":{"line":18,"column":78}},"type":"cond-expr","locations":[{"start":{"line":18,"column":53},"end":{"line":18,"column":73}},{"start":{"line":18,"column":76},"end":{"line":18,"column":78}}]}},"s":{"0":5,"1":5,"2":5,"3":76,"4":76,"5":5},"f":{"0":76},"b":{"0":[5,0],"1":[76,0]}}
,"/Users/babu_krishnan/test/src/database/dynamodb.ts": {"path":"/Users/babu_krishnan/test/src/database/dynamodb.ts","statementMap":{"0":{"start":{"line":1,"column":0},"end":{"line":1,"column":26}},"1":{"start":{"line":2,"column":0},"end":{"line":2,"column":29}},"2":{"start":{"line":3,"column":0},"end":{"line":3,"column":40}},"3":{"start":{"line":5,"column":17},"end":{"line":7,"column":2}},"4":{"start":{"line":11,"column":4},"end":{"line":18,"column":5}},"5":{"start":{"line":12,"column":6},"end":{"line":12,"column":91}},"6":{"start":{"line":13,"column":21},"end":{"line":13,"column":57}},"7":{"start":{"line":14,"column":6},"end":{"line":14,"column":20}},"8":{"start":{"line":16,"column":6},"end":{"line":16,"column":103}},"9":{"start":{"line":17,"column":6},"end":{"line":17,"column":97}},"10":{"start":{"line":22,"column":4},"end":{"line":29,"column":5}},"11":{"start":{"line":23,"column":6},"end":{"line":23,"column":74}},"12":{"start":{"line":24,"column":21},"end":{"line":24,"column":57}},"13":{"start":{"line":25,"column":6},"end":{"line":25,"column":20}},"14":{"start":{"line":27,"column":6},"end":{"line":27,"column":103}},"15":{"start":{"line":28,"column":6},"end":{"line":28,"column":97}},"16":{"start":{"line":33,"column":4},"end":{"line":40,"column":5}},"17":{"start":{"line":34,"column":6},"end":{"line":34,"column":77}},"18":{"start":{"line":35,"column":21},"end":{"line":35,"column":60}},"19":{"start":{"line":36,"column":6},"end":{"line":36,"column":20}},"20":{"start":{"line":38,"column":6},"end":{"line":38,"column":106}},"21":{"start":{"line":39,"column":6},"end":{"line":39,"column":100}},"22":{"start":{"line":44,"column":4},"end":{"line":51,"column":5}},"23":{"start":{"line":45,"column":6},"end":{"line":45,"column":77}},"24":{"start":{"line":46,"column":21},"end":{"line":46,"column":60}},"25":{"start":{"line":47,"column":6},"end":{"line":47,"column":20}},"26":{"start":{"line":49,"column":6},"end":{"line":49,"column":106}},"27":{"start":{"line":50,"column":6},"end":{"line":50,"column":100}},"28":{"start":{"line":55,"column":4},"end":{"line":62,"column":5}},"29":{"start":{"line":56,"column":6},"end":{"line":56,"column":76}},"30":{"start":{"line":57,"column":21},"end":{"line":57,"column":59}},"31":{"start":{"line":58,"column":6},"end":{"line":58,"column":20}},"32":{"start":{"line":60,"column":6},"end":{"line":60,"column":105}},"33":{"start":{"line":61,"column":6},"end":{"line":61,"column":99}},"34":{"start":{"line":66,"column":4},"end":{"line":73,"column":5}},"35":{"start":{"line":67,"column":6},"end":{"line":67,"column":75}},"36":{"start":{"line":68,"column":21},"end":{"line":68,"column":58}},"37":{"start":{"line":69,"column":6},"end":{"line":69,"column":20}},"38":{"start":{"line":71,"column":6},"end":{"line":71,"column":104}},"39":{"start":{"line":72,"column":6},"end":{"line":72,"column":98}},"40":{"start":{"line":77,"column":0},"end":{"line":77,"column":40}}},"fnMap":{"0":{"name":"(anonymous_1)","decl":{"start":{"line":10,"column":2},"end":{"line":10,"column":7}},"loc":{"start":{"line":10,"column":23},"end":{"line":19,"column":3}}},"1":{"name":"(anonymous_2)","decl":{"start":{"line":21,"column":2},"end":{"line":21,"column":7}},"loc":{"start":{"line":21,"column":23},"end":{"line":30,"column":3}}},"2":{"name":"(anonymous_3)","decl":{"start":{"line":32,"column":2},"end":{"line":32,"column":7}},"loc":{"start":{"line":32,"column":26},"end":{"line":41,"column":3}}},"3":{"name":"(anonymous_4)","decl":{"start":{"line":43,"column":2},"end":{"line":43,"column":7}},"loc":{"start":{"line":43,"column":26},"end":{"line":52,"column":3}}},"4":{"name":"(anonymous_5)","decl":{"start":{"line":54,"column":2},"end":{"line":54,"column":7}},"loc":{"start":{"line":54,"column":60},"end":{"line":63,"column":3}}},"5":{"name":"(anonymous_6)","decl":{"start":{"line":65,"column":2},"end":{"line":65,"column":7}},"loc":{"start":{"line":65,"column":58},"end":{"line":74,"column":3}}}},"branchMap":{"0":{"loc":{"start":{"line":6,"column":10},"end":{"line":6,"column":47}},"type":"binary-expr","locations":[{"start":{"line":6,"column":10},"end":{"line":6,"column":32}},{"start":{"line":6,"column":36},"end":{"line":6,"column":47}}]}},"s":{"0":3,"1":3,"2":3,"3":3,"4":0,"5":0,"6":0,"7":0,"8":0,"9":0,"10":0,"11":0,"12":0,"13":0,"14":0,"15":0,"16":0,"17":0,"18":0,"19":0,"20":0,"21":0,"22":0,"23":0,"24":0,"25":0,"26":0,"27":0,"28":9,"29":9,"30":9,"31":0,"32":9,"33":9,"34":0,"35":0,"36":0,"37":0,"38":0,"39":0,"40":3},"f":{"0":0,"1":0,"2":0,"3":0,"4":9,"5":0},"b":{"0":[3,0]}}
,"/Users/babu_krishnan/test/src/database/postgres.ts": {"path":"/Users/babu_krishnan/test/src/database/postgres.ts","statementMap":{"0":{"start":{"line":1,"column":0},"end":{"line":1,"column":38}},"1":{"start":{"line":2,"column":0},"end":{"line":2,"column":29}},"2":{"start":{"line":3,"column":0},"end":{"line":3,"column":40}},"3":{"start":{"line":6,"column":10},"end":{"line":6,"column":35}},"4":{"start":{"line":9,"column":4},"end":{"line":9,"column":26}},"5":{"start":{"line":13,"column":4},"end":{"line":33,"column":5}},"6":{"start":{"line":14,"column":6},"end":{"line":23,"column":9}},"7":{"start":{"line":25,"column":6},"end":{"line":27,"column":9}},"8":{"start":{"line":26,"column":8},"end":{"line":26,"column":80}},"9":{"start":{"line":29,"column":6},"end":{"line":29,"column":60}},"10":{"start":{"line":31,"column":6},"end":{"line":31,"column":96}},"11":{"start":{"line":32,"column":6},"end":{"line":32,"column":18}},"12":{"start":{"line":37,"column":4},"end":{"line":39,"column":5}},"13":{"start":{"line":38,"column":6},"end":{"line":38,"column":65}},"14":{"start":{"line":41,"column":4},"end":{"line":46,"column":5}},"15":{"start":{"line":42,"column":6},"end":{"line":42,"column":39}},"16":{"start":{"line":44,"column":6},"end":{"line":44,"column":82}},"17":{"start":{"line":45,"column":6},"end":{"line":45,"column":97}},"18":{"start":{"line":50,"column":4},"end":{"line":52,"column":5}},"19":{"start":{"line":51,"column":6},"end":{"line":51,"column":65}},"20":{"start":{"line":54,"column":4},"end":{"line":61,"column":5}},"21":{"start":{"line":55,"column":21},"end":{"line":55,"column":56}},"22":{"start":{"line":56,"column":6},"end":{"line":56,"column":94}},"23":{"start":{"line":57,"column":6},"end":{"line":57,"column":20}},"24":{"start":{"line":59,"column":6},"end":{"line":59,"column":83}},"25":{"start":{"line":60,"column":6},"end":{"line":60,"column":89}},"26":{"start":{"line":65,"column":4},"end":{"line":72,"column":5}},"27":{"start":{"line":66,"column":6},"end":{"line":71,"column":7}},"28":{"start":{"line":67,"column":8},"end":{"line":67,"column":30}},"29":{"start":{"line":68,"column":8},"end":{"line":68,"column":57}},"30":{"start":{"line":70,"column":8},"end":{"line":70,"column":80}},"31":{"start":{"line":76,"column":0},"end":{"line":76,"column":40}}},"fnMap":{"0":{"name":"(anonymous_1)","decl":{"start":{"line":8,"column":2},"end":{"line":8,"column":null}},"loc":{"start":{"line":8,"column":2},"end":{"line":10,"column":3}}},"1":{"name":"(anonymous_2)","decl":{"start":{"line":12,"column":10},"end":{"line":12,"column":24}},"loc":{"start":{"line":12,"column":24},"end":{"line":34,"column":3}}},"2":{"name":"(anonymous_3)","decl":{"start":{"line":25,"column":28},"end":{"line":25,"column":29}},"loc":{"start":{"line":25,"column":36},"end":{"line":27,"column":7}}},"3":{"name":"(anonymous_4)","decl":{"start":{"line":36,"column":2},"end":{"line":36,"column":7}},"loc":{"start":{"line":36,"column":21},"end":{"line":47,"column":3}}},"4":{"name":"(anonymous_5)","decl":{"start":{"line":49,"column":2},"end":{"line":49,"column":7}},"loc":{"start":{"line":49,"column":46},"end":{"line":62,"column":3}}},"5":{"name":"(anonymous_6)","decl":{"start":{"line":64,"column":2},"end":{"line":64,"column":7}},"loc":{"start":{"line":64,"column":13},"end":{"line":73,"column":3}}}},"branchMap":{"0":{"loc":{"start":{"line":18,"column":23},"end":{"line":18,"column":52}},"type":"binary-expr","locations":[{"start":{"line":18,"column":23},"end":{"line":18,"column":42}},{"start":{"line":18,"column":46},"end":{"line":18,"column":52}}]},"1":{"loc":{"start":{"line":37,"column":4},"end":{"line":39,"column":5}},"type":"if","locations":[{"start":{"line":37,"column":4},"end":{"line":39,"column":5}}]},"2":{"loc":{"start":{"line":50,"column":4},"end":{"line":52,"column":5}},"type":"if","locations":[{"start":{"line":50,"column":4},"end":{"line":52,"column":5}}]},"3":{"loc":{"start":{"line":65,"column":4},"end":{"line":72,"column":5}},"type":"if","locations":[{"start":{"line":65,"column":4},"end":{"line":72,"column":5}}]}},"s":{"0":3,"1":3,"2":3,"3":3,"4":3,"5":3,"6":3,"7":3,"8":0,"9":3,"10":0,"11":0,"12":0,"13":0,"14":0,"15":0,"16":0,"17":0,"18":9,"19":0,"20":9,"21":9,"22":0,"23":0,"24":9,"25":9,"26":0,"27":0,"28":0,"29":0,"30":0,"31":3},"f":{"0":3,"1":3,"2":0,"3":0,"4":9,"5":0},"b":{"0":[3,3],"1":[0],"2":[0],"3":[0]}}
,"/Users/babu_krishnan/test/src/utils/response.ts": {"path":"/Users/babu_krishnan/test/src/utils/response.ts","statementMap":{"0":{"start":{"line":77,"column":0},"end":{"line":77,"column":7}},"1":{"start":{"line":2,"column":0},"end":{"line":2,"column":29}},"2":{"start":{"line":3,"column":0},"end":{"line":3,"column":38}},"3":{"start":{"line":20,"column":4},"end":{"line":31,"column":6}},"4":{"start":{"line":35,"column":21},"end":{"line":35,"column":24}},"5":{"start":{"line":36,"column":20},"end":{"line":36,"column":43}},"6":{"start":{"line":37,"column":18},"end":{"line":37,"column":48}},"7":{"start":{"line":40,"column":4},"end":{"line":47,"column":5}},"8":{"start":{"line":41,"column":6},"end":{"line":41,"column":36}},"9":{"start":{"line":42,"column":6},"end":{"line":42,"column":34}},"10":{"start":{"line":43,"column":6},"end":{"line":43,"column":30}},"11":{"start":{"line":44,"column":6},"end":{"line":44,"column":30}},"12":{"start":{"line":46,"column":6},"end":{"line":46,"column":64}},"13":{"start":{"line":49,"column":4},"end":{"line":55,"column":7}},"14":{"start":{"line":57,"column":4},"end":{"line":73,"column":6}},"15":{"start":{"line":18,"column":0},"end":{"line":18,"column":13}},"16":{"start":{"line":82,"column":41},"end":{"line":86,"column":4}},"17":{"start":{"line":88,"column":2},"end":{"line":112,"column":3}},"18":{"start":{"line":89,"column":4},"end":{"line":93,"column":7}},"19":{"start":{"line":95,"column":19},"end":{"line":99,"column":6}},"20":{"start":{"line":101,"column":4},"end":{"line":104,"column":7}},"21":{"start":{"line":106,"column":4},"end":{"line":106,"column":18}},"22":{"start":{"line":108,"column":4},"end":{"line":111,"column":6}}},"fnMap":{"0":{"name":"(anonymous_1)","decl":{"start":{"line":19,"column":2},"end":{"line":19,"column":8}},"loc":{"start":{"line":19,"column":56},"end":{"line":32,"column":3}}},"1":{"name":"(anonymous_2)","decl":{"start":{"line":34,"column":2},"end":{"line":34,"column":8}},"loc":{"start":{"line":34,"column":60},"end":{"line":74,"column":3}}},"2":{"name":"withErrorHandling","decl":{"start":{"line":77,"column":22},"end":{"line":77,"column":39}},"loc":{"start":{"line":80,"column":18},"end":{"line":113,"column":1}}}},"branchMap":{"0":{"loc":{"start":{"line":19,"column":32},"end":{"line":19,"column":56}},"type":"default-arg","locations":[{"start":{"line":19,"column":53},"end":{"line":19,"column":56}}]},"1":{"loc":{"start":{"line":40,"column":4},"end":{"line":47,"column":5}},"type":"if","locations":[{"start":{"line":40,"column":4},"end":{"line":47,"column":5}},{"start":{"line":45,"column":11},"end":{"line":47,"column":5}}]},"2":{"loc":{"start":{"line":46,"column":16},"end":{"line":46,"column":63}},"type":"binary-expr","locations":[{"start":{"line":46,"column":16},"end":{"line":46,"column":29}},{"start":{"line":46,"column":33},"end":{"line":46,"column":63}}]},"3":{"loc":{"start":{"line":68,"column":14},"end":{"line":68,"column":36}},"type":"binary-expr","locations":[{"start":{"line":68,"column":14},"end":{"line":68,"column":21}},{"start":{"line":68,"column":25},"end":{"line":68,"column":36}}]},"4":{"loc":{"start":{"line":109,"column":6},"end":{"line":109,"column":63}},"type":"cond-expr","locations":[{"start":{"line":109,"column":31},"end":{"line":109,"column":36}},{"start":{"line":109,"column":39},"end":{"line":109,"column":63}}]}},"s":{"0":3,"1":3,"2":3,"3":16,"4":5,"5":5,"6":5,"7":5,"8":2,"9":2,"10":2,"11":2,"12":3,"13":5,"14":5,"15":3,"16":15,"17":15,"18":15,"19":15,"20":13,"21":13,"22":2},"f":{"0":16,"1":5,"2":15},"b":{"0":[14],"1":[2,3],"2":[3,0],"3":[5,2],"4":[2,0]}}
,"/Users/babu_krishnan/test/src/utils/validator.ts": {"path":"/Users/babu_krishnan/test/src/utils/validator.ts","statementMap":{"0":{"start":{"line":2,"column":0},"end":{"line":2,"column":44}},"1":{"start":{"line":10,"column":29},"end":{"line":13,"column":6}},"2":{"start":{"line":15,"column":4},"end":{"line":25,"column":5}},"3":{"start":{"line":16,"column":22},"end":{"line":21,"column":null}},"4":{"start":{"line":18,"column":10},"end":{"line":18,"column":54}},"5":{"start":{"line":19,"column":10},"end":{"line":19,"column":21}},"6":{"start":{"line":24,"column":6},"end":{"line":24,"column":70}},"7":{"start":{"line":27,"column":4},"end":{"line":27,"column":34}},"8":{"start":{"line":31,"column":4},"end":{"line":31,"column":43}},"9":{"start":{"line":35,"column":4},"end":{"line":35,"column":43}},"10":{"start":{"line":8,"column":0},"end":{"line":8,"column":13}}},"fnMap":{"0":{"name":"(anonymous_0)","decl":{"start":{"line":9,"column":2},"end":{"line":9,"column":8}},"loc":{"start":{"line":9,"column":61},"end":{"line":28,"column":3}}},"1":{"name":"(anonymous_1)","decl":{"start":{"line":17,"column":8},"end":{"line":17,"column":9}},"loc":{"start":{"line":17,"column":24},"end":{"line":20,"column":9}}},"2":{"name":"(anonymous_2)","decl":{"start":{"line":30,"column":2},"end":{"line":30,"column":8}},"loc":{"start":{"line":30,"column":62},"end":{"line":32,"column":3}}},"3":{"name":"(anonymous_3)","decl":{"start":{"line":34,"column":2},"end":{"line":34,"column":8}},"loc":{"start":{"line":34,"column":63},"end":{"line":36,"column":3}}}},"branchMap":{"0":{"loc":{"start":{"line":15,"column":4},"end":{"line":25,"column":5}},"type":"if","locations":[{"start":{"line":15,"column":4},"end":{"line":25,"column":5}}]}},"s":{"0":3,"1":18,"2":18,"3":5,"4":5,"5":5,"6":5,"7":13,"8":1,"9":0,"10":3},"f":{"0":18,"1":5,"2":1,"3":0},"b":{"0":[5]}}
}
