TN:
SF:src/errors.ts
FN:2,(anonymous_0)
FN:15,(anonymous_1)
FN:22,(anonymous_2)
FN:29,(anonymous_3)
FN:36,(anonymous_4)
FN:43,(anonymous_5)
FNF:6
FNH:3
FNDA:27,(anonymous_0)
FNDA:7,(anonymous_1)
FNDA:19,(anonymous_2)
FNDA:0,(anonymous_3)
FNDA:0,(anonymous_4)
FNDA:0,(anonymous_5)
DA:1,9
DA:3,27
DA:4,27
DA:5,27
DA:6,27
DA:8,27
DA:9,27
DA:10,27
DA:14,9
DA:16,7
DA:17,7
DA:21,9
DA:23,19
DA:24,19
DA:28,9
DA:30,0
DA:31,0
DA:35,9
DA:37,0
DA:38,0
DA:42,9
DA:44,0
DA:45,0
LF:23
LH:17
BRF:0
BRH:0
end_of_record
TN:
SF:src/handler.ts
FN:10,handleRequest
FN:61,(anonymous_2)
FNF:2
FNH:2
FNDA:15,handleRequest
FNDA:15,(anonymous_2)
DA:2,2
DA:3,2
DA:4,2
DA:5,2
DA:6,2
DA:7,2
DA:11,15
DA:14,15
DA:15,12
DA:20,12
DA:21,10
DA:25,13
DA:26,13
DA:34,4
DA:38,9
DA:43,13
DA:44,13
DA:47,3
DA:51,10
DA:55,13
DA:61,2
DA:65,15
LF:22
LH:22
BRDA:14,0,0,12
BRF:1
BRH:1
end_of_record
TN:
SF:src/logger.ts
FN:17,(anonymous_1)
FNF:1
FNH:1
FNDA:76,(anonymous_1)
DA:1,5
DA:3,5
DA:5,5
DA:18,76
DA:19,76
DA:26,5
LF:6
LH:6
BRDA:3,0,0,5
BRDA:3,0,1,0
BRDA:18,1,0,76
BRDA:18,1,1,0
BRF:4
BRH:2
end_of_record
TN:
SF:src/database/dynamodb.ts
FN:10,(anonymous_1)
FN:21,(anonymous_2)
FN:32,(anonymous_3)
FN:43,(anonymous_4)
FN:54,(anonymous_5)
FN:65,(anonymous_6)
FNF:6
FNH:1
FNDA:0,(anonymous_1)
FNDA:0,(anonymous_2)
FNDA:0,(anonymous_3)
FNDA:0,(anonymous_4)
FNDA:9,(anonymous_5)
FNDA:0,(anonymous_6)
DA:1,3
DA:2,3
DA:3,3
DA:5,3
DA:11,0
DA:12,0
DA:13,0
DA:14,0
DA:16,0
DA:17,0
DA:22,0
DA:23,0
DA:24,0
DA:25,0
DA:27,0
DA:28,0
DA:33,0
DA:34,0
DA:35,0
DA:36,0
DA:38,0
DA:39,0
DA:44,0
DA:45,0
DA:46,0
DA:47,0
DA:49,0
DA:50,0
DA:55,9
DA:56,9
DA:57,9
DA:58,0
DA:60,9
DA:61,9
DA:66,0
DA:67,0
DA:68,0
DA:69,0
DA:71,0
DA:72,0
DA:77,3
LF:41
LH:10
BRDA:6,0,0,3
BRDA:6,0,1,0
BRF:2
BRH:1
end_of_record
TN:
SF:src/database/postgres.ts
FN:8,(anonymous_1)
FN:12,(anonymous_2)
FN:25,(anonymous_3)
FN:36,(anonymous_4)
FN:49,(anonymous_5)
FN:64,(anonymous_6)
FNF:6
FNH:3
FNDA:3,(anonymous_1)
FNDA:3,(anonymous_2)
FNDA:0,(anonymous_3)
FNDA:0,(anonymous_4)
FNDA:9,(anonymous_5)
FNDA:0,(anonymous_6)
DA:1,3
DA:2,3
DA:3,3
DA:6,3
DA:9,3
DA:13,3
DA:14,3
DA:25,3
DA:26,0
DA:29,3
DA:31,0
DA:32,0
DA:37,0
DA:38,0
DA:41,0
DA:42,0
DA:44,0
DA:45,0
DA:50,9
DA:51,0
DA:54,9
DA:55,9
DA:56,0
DA:57,0
DA:59,9
DA:60,9
DA:65,0
DA:66,0
DA:67,0
DA:68,0
DA:70,0
DA:76,3
LF:32
LH:15
BRDA:18,0,0,3
BRDA:18,0,1,3
BRDA:37,1,0,0
BRDA:50,2,0,0
BRDA:65,3,0,0
BRF:5
BRH:2
end_of_record
TN:
SF:src/utils/response.ts
FN:19,(anonymous_1)
FN:34,(anonymous_2)
FN:77,withErrorHandling
FNF:3
FNH:3
FNDA:16,(anonymous_1)
FNDA:5,(anonymous_2)
FNDA:15,withErrorHandling
DA:2,3
DA:3,3
DA:18,3
DA:20,16
DA:35,5
DA:36,5
DA:37,5
DA:40,5
DA:41,2
DA:42,2
DA:43,2
DA:44,2
DA:46,3
DA:49,5
DA:57,5
DA:77,3
DA:82,15
DA:88,15
DA:89,15
DA:95,15
DA:101,13
DA:106,13
DA:108,2
LF:23
LH:23
BRDA:19,0,0,14
BRDA:40,1,0,2
BRDA:40,1,1,3
BRDA:46,2,0,3
BRDA:46,2,1,0
BRDA:68,3,0,5
BRDA:68,3,1,2
BRDA:109,4,0,2
BRDA:109,4,1,0
BRF:9
BRH:7
end_of_record
TN:
SF:src/utils/validator.ts
FN:9,(anonymous_0)
FN:17,(anonymous_1)
FN:30,(anonymous_2)
FN:34,(anonymous_3)
FNF:4
FNH:3
FNDA:18,(anonymous_0)
FNDA:5,(anonymous_1)
FNDA:1,(anonymous_2)
FNDA:0,(anonymous_3)
DA:2,3
DA:8,3
DA:10,18
DA:15,18
DA:16,5
DA:18,5
DA:19,5
DA:24,5
DA:27,13
DA:31,1
DA:35,0
LF:11
LH:10
BRDA:15,0,0,5
BRF:1
BRH:1
end_of_record
